<?xml version="1.0" encoding="UTF-8"?>
<!-- Generated by org.testng.reporters.JUnitReportReporter -->
<testsuite hostname="DESKTOP-1AJB1FQ" failures="0" tests="5" name="testcases.TestSuiteTest" time="45.162" errors="0" timestamp="2025-01-18T00:13:38 IST" skipped="0">
  <testcase classname="testcases.TestSuiteTest" name="contactSignUp" time="5.164"/>
  <testcase classname="testcases.TestSuiteTest" name="contactAdd" time="25.395"/>
  <testcase classname="testcases.TestSuiteTest" name="contactEdit" time="6.324"/>
  <testcase classname="testcases.TestSuiteTest" name="contactDelete" time="3.715"/>
  <testcase classname="testcases.TestSuiteTest" name="contactLogout" time="4.564"/>
</testsuite> <!-- testcases.TestSuiteTest -->
